2026-04-28 11:16:08,716 | INFO | Запуск приложения
2026-04-28 11:16:08,814 | INFO | Инициализация приложения
2026-04-28 11:16:08,881 | INFO | [START] Поиск камер
2026-04-28 11:16:10,063 | INFO | [CAMERA_SCAN] index=0 | time=1.1814s
2026-04-28 11:16:10,067 | INFO | [CAMERA_SCAN] index=1 | time=0.0032s
2026-04-28 11:16:10,067 | INFO | [CAMERA_SCAN] index=2 | time=0.0006s
2026-04-28 11:16:10,067 | INFO | [END] Поиск камер | time=1.1860s | ms=1185.97 | fps=0.84
2026-04-28 11:16:10,137 | INFO | [START] Смена камеры
2026-04-28 11:16:13,273 | INFO | Активна камера 0 | fps=30.0
2026-04-28 11:16:13,274 | INFO | [END] Смена камеры | time=3.1364s | ms=3136.38 | fps=0.32
2026-04-28 11:16:13,274 | INFO | [START] Главный цикл кадра
2026-04-28 11:16:13,900 | INFO | [CAPTURE] time=0.6264s
2026-04-28 11:16:13,901 | INFO | [START] YOLO обработка кадра
2026-04-28 11:16:13,901 | INFO | [RESIZE] original=640x480 | scale=1.000 | time=0.0000s
2026-04-28 11:16:14,786 | INFO | [YOLO] time=0.8847s | fps=1.13
2026-04-28 11:16:14,786 | INFO | [FRAME_SUMMARY] frame=1 | detections=0 | active_tracks=0 | time=0.8851s | fps=1.13
2026-04-28 11:16:14,786 | INFO | [END] YOLO обработка кадра | time=0.8853s | ms=885.34 | fps=1.13
2026-04-28 11:16:14,786 | INFO | [START] Обновление таблицы
2026-04-28 11:16:14,845 | INFO | [TABLE_UPDATE] time=0.0592s
2026-04-28 11:16:14,846 | INFO | [END] Обновление таблицы | time=0.0598s | ms=59.80 | fps=16.72
2026-04-28 11:16:14,878 | INFO | [RENDER] time=0.0325s
2026-04-28 11:16:14,879 | INFO | [APP_FPS] fps=0.17 | loop=1.6047s
2026-04-28 11:16:14,879 | INFO | [END] Главный цикл кадра | time=1.6049s | ms=1604.93 | fps=0.62
2026-04-28 11:16:15,000 | INFO | [START] Главный цикл кадра
2026-04-28 11:16:15,002 | INFO | [CAPTURE] time=0.0025s
2026-04-28 11:16:15,003 | INFO | [START] YOLO обработка кадра
2026-04-28 11:16:15,003 | INFO | [RESIZE] original=640x480 | scale=1.000 | time=0.0000s
2026-04-28 11:16:15,271 | INFO | [YOLO] time=0.2679s | fps=3.73
2026-04-28 11:16:15,271 | INFO | [FRAME_SUMMARY] frame=2 | detections=0 | active_tracks=0 | time=0.2683s | fps=3.73
2026-04-28 11:16:15,271 | INFO | [END] YOLO обработка кадра | time=0.2686s | ms=268.56 | fps=3.72
2026-04-28 11:16:15,271 | INFO | [START] Обновление таблицы
2026-04-28 11:16:15,272 | INFO | [END] Обновление таблицы | time=0.0007s | ms=0.72 | fps=1392.18
2026-04-28 11:16:15,293 | INFO | [RENDER] time=0.0211s
2026-04-28 11:16:15,294 | INFO | [APP_FPS] fps=2.41 | loop=0.2937s
2026-04-28 11:16:15,294 | INFO | [END] Главный цикл кадра | time=0.2941s | ms=294.09 | fps=3.40
2026-04-28 11:16:15,313 | INFO | [START] Главный цикл кадра
2026-04-28 11:16:15,315 | INFO | [CAPTURE] time=0.0019s
2026-04-28 11:16:15,315 | INFO | [START] YOLO обработка кадра
2026-04-28 11:16:15,315 | INFO | [RESIZE] original=640x480 | scale=1.000 | time=0.0000s
2026-04-28 11:16:15,547 | INFO | [YOLO] time=0.2311s | fps=4.33
2026-04-28 11:16:15,547 | INFO | [FRAME_SUMMARY] frame=3 | detections=0 | active_tracks=0 | time=0.2315s | fps=4.32
2026-04-28 11:16:15,547 | INFO | [END] YOLO обработка кадра | time=0.2317s | ms=231.70 | fps=4.32
2026-04-28 11:16:15,547 | INFO | [START] Обновление таблицы
2026-04-28 11:16:15,548 | INFO | [END] Обновление таблицы | time=0.0006s | ms=0.65 | fps=1549.91
2026-04-28 11:16:15,569 | INFO | [RENDER] time=0.0210s
2026-04-28 11:16:15,569 | INFO | [APP_FPS] fps=3.63 | loop=0.2560s
2026-04-28 11:16:15,569 | INFO | [END] Главный цикл кадра | time=0.2564s | ms=256.44 | fps=3.90
2026-04-28 11:16:15,584 | INFO | [START] Главный цикл кадра
2026-04-28 11:16:15,586 | INFO | [CAPTURE] time=0.0017s
2026-04-28 11:16:15,586 | INFO | [START] YOLO обработка кадра
2026-04-28 11:16:15,587 | INFO | [RESIZE] original=640x480 | scale=1.000 | time=0.0000s
2026-04-28 11:16:15,830 | INFO | [YOLO] time=0.2435s | fps=4.11
2026-04-28 11:16:15,830 | INFO | [FRAME_SUMMARY] frame=4 | detections=0 | active_tracks=0 | time=0.2438s | fps=4.10
2026-04-28 11:16:15,830 | INFO | [END] YOLO обработка кадра | time=0.2441s | ms=244.07 | fps=4.10
2026-04-28 11:16:15,831 | INFO | [START] Обновление таблицы
2026-04-28 11:16:15,831 | INFO | [END] Обновление таблицы | time=0.0007s | ms=0.65 | fps=1528.35
2026-04-28 11:16:15,850 | INFO | [RENDER] time=0.0184s
2026-04-28 11:16:15,850 | INFO | [APP_FPS] fps=3.56 | loop=0.2655s
2026-04-28 11:16:15,850 | INFO | [END] Главный цикл кадра | time=0.2659s | ms=265.87 | fps=3.76
2026-04-28 11:16:15,865 | INFO | [START] Главный цикл кадра
2026-04-28 11:16:15,867 | INFO | [CAPTURE] time=0.0017s
2026-04-28 11:16:15,867 | INFO | [START] YOLO обработка кадра
2026-04-28 11:16:15,868 | INFO | [RESIZE] original=640x480 | scale=1.000 | time=0.0000s
2026-04-28 11:16:16,097 | INFO | [YOLO] time=0.2289s | fps=4.37
2026-04-28 11:16:16,097 | INFO | [FRAME_SUMMARY] frame=5 | detections=0 | active_tracks=0 | time=0.2292s | fps=4.36
2026-04-28 11:16:16,097 | INFO | [END] YOLO обработка кадра | time=0.2295s | ms=229.53 | fps=4.36
2026-04-28 11:16:16,097 | INFO | [START] Обновление таблицы
2026-04-28 11:16:16,098 | INFO | [END] Обновление таблицы | time=0.0006s | ms=0.59 | fps=1697.79
2026-04-28 11:16:16,116 | INFO | [RENDER] time=0.0187s
2026-04-28 11:16:16,117 | INFO | [APP_FPS] fps=3.75 | loop=0.2511s
2026-04-28 11:16:16,117 | INFO | [END] Главный цикл кадра | time=0.2515s | ms=251.47 | fps=3.98
2026-04-28 11:16:16,133 | INFO | [START] Главный цикл кадра
2026-04-28 11:16:16,135 | INFO | [CAPTURE] time=0.0016s
2026-04-28 11:16:16,135 | INFO | [START] YOLO обработка кадра
2026-04-28 11:16:16,135 | INFO | [RESIZE] original=640x480 | scale=1.000 | time=0.0000s
2026-04-28 11:16:16,366 | INFO | [YOLO] time=0.2310s | fps=4.33
2026-04-28 11:16:16,367 | INFO | [FRAME_SUMMARY] frame=6 | detections=0 | active_tracks=0 | time=0.2313s | fps=4.32
2026-04-28 11:16:16,367 | INFO | [END] YOLO обработка кадра | time=0.2315s | ms=231.48 | fps=4.32
2026-04-28 11:16:16,367 | INFO | [START] Обновление таблицы
2026-04-28 11:16:16,367 | INFO | [END] Обновление таблицы | time=0.0007s | ms=0.66 | fps=1507.16
2026-04-28 11:16:16,386 | INFO | [RENDER] time=0.0186s
2026-04-28 11:16:16,386 | INFO | [APP_FPS] fps=3.71 | loop=0.2528s
2026-04-28 11:16:16,386 | INFO | [END] Главный цикл кадра | time=0.2533s | ms=253.27 | fps=3.95
2026-04-28 11:16:16,404 | INFO | [START] Главный цикл кадра
2026-04-28 11:16:16,406 | INFO | [CAPTURE] time=0.0018s
2026-04-28 11:16:16,406 | INFO | [START] YOLO обработка кадра
2026-04-28 11:16:16,406 | INFO | [RESIZE] original=640x480 | scale=1.000 | time=0.0000s
2026-04-28 11:16:16,646 | INFO | [YOLO] time=0.2399s | fps=4.17
2026-04-28 11:16:16,647 | INFO | [FRAME_SUMMARY] frame=7 | detections=0 | active_tracks=0 | time=0.2402s | fps=4.16
2026-04-28 11:16:16,647 | INFO | [END] YOLO обработка кадра | time=0.2404s | ms=240.42 | fps=4.16
2026-04-28 11:16:16,647 | INFO | [START] Обновление таблицы
2026-04-28 11:16:16,647 | INFO | [END] Обновление таблицы | time=0.0006s | ms=0.58 | fps=1710.28
2026-04-28 11:16:16,665 | INFO | [RENDER] time=0.0180s
2026-04-28 11:16:16,666 | INFO | [APP_FPS] fps=3.58 | loop=0.2613s
2026-04-28 11:16:16,666 | INFO | [END] Главный цикл кадра | time=0.2617s | ms=261.69 | fps=3.82
2026-04-28 11:16:16,690 | INFO | [START] Главный цикл кадра
2026-04-28 11:16:16,692 | INFO | [CAPTURE] time=0.0018s
2026-04-28 11:16:16,692 | INFO | [START] YOLO обработка кадра
2026-04-28 11:16:16,692 | INFO | [RESIZE] original=640x480 | scale=1.000 | time=0.0000s
2026-04-28 11:16:16,922 | INFO | [YOLO] time=0.2298s | fps=4.35
2026-04-28 11:16:16,923 | INFO | [FRAME_SUMMARY] frame=8 | detections=0 | active_tracks=0 | time=0.2302s | fps=4.34
2026-04-28 11:16:16,923 | INFO | [END] YOLO обработка кадра | time=0.2304s | ms=230.45 | fps=4.34
2026-04-28 11:16:16,923 | INFO | [START] Обновление таблицы
2026-04-28 11:16:16,923 | INFO | [END] Обновление таблицы | time=0.0006s | ms=0.57 | fps=1755.00
2026-04-28 11:16:16,941 | INFO | [RENDER] time=0.0179s
2026-04-28 11:16:16,942 | INFO | [APP_FPS] fps=3.62 | loop=0.2512s
2026-04-28 11:16:16,942 | INFO | [END] Главный цикл кадра | time=0.2516s | ms=251.64 | fps=3.97
2026-04-28 11:16:16,957 | INFO | [START] Главный цикл кадра
2026-04-28 11:16:16,959 | INFO | [CAPTURE] time=0.0018s
2026-04-28 11:16:16,959 | INFO | [START] YOLO обработка кадра
2026-04-28 11:16:16,959 | INFO | [RESIZE] original=640x480 | scale=1.000 | time=0.0000s
2026-04-28 11:16:17,194 | INFO | [YOLO] time=0.2343s | fps=4.27
2026-04-28 11:16:17,194 | INFO | [FRAME_SUMMARY] frame=9 | detections=0 | active_tracks=0 | time=0.2346s | fps=4.26
2026-04-28 11:16:17,194 | INFO | [END] YOLO обработка кадра | time=0.2348s | ms=234.78 | fps=4.26
2026-04-28 11:16:17,194 | INFO | [START] Обновление таблицы
2026-04-28 11:16:17,195 | INFO | [END] Обновление таблицы | time=0.0006s | ms=0.57 | fps=1754.08
2026-04-28 11:16:17,218 | INFO | [RENDER] time=0.0230s
2026-04-28 11:16:17,218 | INFO | [APP_FPS] fps=3.62 | loop=0.2607s
2026-04-28 11:16:17,218 | INFO | [END] Главный цикл кадра | time=0.2611s | ms=261.15 | fps=3.83
2026-04-28 11:16:17,242 | INFO | [START] Главный цикл кадра
2026-04-28 11:16:17,244 | INFO | [CAPTURE] time=0.0019s
2026-04-28 11:16:17,244 | INFO | [START] YOLO обработка кадра
2026-04-28 11:16:17,245 | INFO | [RESIZE] original=640x480 | scale=1.000 | time=0.0000s
2026-04-28 11:16:17,473 | INFO | [YOLO] time=0.2283s | fps=4.38
2026-04-28 11:16:17,473 | INFO | [FRAME_SUMMARY] frame=10 | detections=0 | active_tracks=0 | time=0.2287s | fps=4.37
2026-04-28 11:16:17,473 | INFO | [END] YOLO обработка кадра | time=0.2289s | ms=228.87 | fps=4.37
2026-04-28 11:16:17,473 | INFO | [START] Обновление таблицы
2026-04-28 11:16:17,474 | INFO | [END] Обновление таблицы | time=0.0006s | ms=0.63 | fps=1582.53
2026-04-28 11:16:17,493 | INFO | [RENDER] time=0.0193s
2026-04-28 11:16:17,494 | INFO | [APP_FPS] fps=3.63 | loop=0.2512s
2026-04-28 11:16:17,494 | INFO | [END] Главный цикл кадра | time=0.2515s | ms=251.53 | fps=3.98
2026-04-28 11:16:17,512 | INFO | [START] Главный цикл кадра
2026-04-28 11:16:17,514 | INFO | [CAPTURE] time=0.0018s
2026-04-28 11:16:17,515 | INFO | [START] YOLO обработка кадра
2026-04-28 11:16:17,515 | INFO | [RESIZE] original=640x480 | scale=1.000 | time=0.0000s
2026-04-28 11:16:17,747 | INFO | [YOLO] time=0.2327s | fps=4.30
2026-04-28 11:16:17,748 | INFO | [FRAME_SUMMARY] frame=11 | detections=0 | active_tracks=0 | time=0.2330s | fps=4.29
2026-04-28 11:16:17,748 | INFO | [END] YOLO обработка кадра | time=0.2332s | ms=233.23 | fps=4.29
2026-04-28 11:16:17,748 | INFO | [START] Обновление таблицы
2026-04-28 11:16:17,748 | INFO | [END] Обновление таблицы | time=0.0006s | ms=0.62 | fps=1622.32
2026-04-28 11:16:17,769 | INFO | [RENDER] time=0.0205s
2026-04-28 11:16:17,769 | INFO | [APP_FPS] fps=3.63 | loop=0.2568s
2026-04-28 11:16:17,769 | INFO | [END] Главный цикл кадра | time=0.2572s | ms=257.20 | fps=3.89
2026-04-28 11:16:17,797 | INFO | [START] Главный цикл кадра
2026-04-28 11:16:17,799 | INFO | [CAPTURE] time=0.0019s
2026-04-28 11:16:17,800 | INFO | [START] YOLO обработка кадра
2026-04-28 11:16:17,800 | INFO | [RESIZE] original=640x480 | scale=1.000 | time=0.0000s
2026-04-28 11:16:18,027 | INFO | [YOLO] time=0.2273s | fps=4.40
2026-04-28 11:16:18,027 | INFO | [FRAME_SUMMARY] frame=12 | detections=0 | active_tracks=0 | time=0.2277s | fps=4.39
2026-04-28 11:16:18,027 | INFO | [END] YOLO обработка кадра | time=0.2279s | ms=227.86 | fps=4.39
2026-04-28 11:16:18,027 | INFO | [START] Обновление таблицы
2026-04-28 11:16:18,028 | INFO | [END] Обновление таблицы | time=0.0006s | ms=0.61 | fps=1631.06
2026-04-28 11:16:18,049 | INFO | [RENDER] time=0.0209s
2026-04-28 11:16:18,049 | INFO | [APP_FPS] fps=3.57 | loop=0.2517s
2026-04-28 11:16:18,049 | INFO | [END] Главный цикл кадра | time=0.2521s | ms=252.11 | fps=3.97
2026-04-28 11:16:18,068 | INFO | [START] Главный цикл кадра
2026-04-28 11:16:18,071 | INFO | [CAPTURE] time=0.0019s
2026-04-28 11:16:18,071 | INFO | [START] YOLO обработка кадра
2026-04-28 11:16:18,071 | INFO | [RESIZE] original=640x480 | scale=1.000 | time=0.0000s
2026-04-28 11:16:18,301 | INFO | [YOLO] time=0.2296s | fps=4.36
2026-04-28 11:16:18,301 | INFO | [FRAME_SUMMARY] frame=13 | detections=0 | active_tracks=0 | time=0.2299s | fps=4.35
2026-04-28 11:16:18,301 | INFO | [END] YOLO обработка кадра | time=0.2302s | ms=230.15 | fps=4.34
2026-04-28 11:16:18,301 | INFO | [START] Обновление таблицы
2026-04-28 11:16:18,302 | INFO | [END] Обновление таблицы | time=0.0006s | ms=0.61 | fps=1643.39
2026-04-28 11:16:18,322 | INFO | [RENDER] time=0.0208s
2026-04-28 11:16:18,323 | INFO | [APP_FPS] fps=3.66 | loop=0.2540s
2026-04-28 11:16:18,323 | INFO | [END] Главный цикл кадра | time=0.2544s | ms=254.40 | fps=3.93
2026-04-28 11:16:18,338 | INFO | [START] Главный цикл кадра
2026-04-28 11:16:18,340 | INFO | [CAPTURE] time=0.0017s
2026-04-28 11:16:18,340 | INFO | [START] YOLO обработка кадра
2026-04-28 11:16:18,340 | INFO | [RESIZE] original=640x480 | scale=1.000 | time=0.0000s
2026-04-28 11:16:18,566 | INFO | [YOLO] time=0.2261s | fps=4.42
2026-04-28 11:16:18,566 | INFO | [FRAME_SUMMARY] frame=14 | detections=0 | active_tracks=0 | time=0.2264s | fps=4.42
2026-04-28 11:16:18,566 | INFO | [END] YOLO обработка кадра | time=0.2266s | ms=226.61 | fps=4.41
2026-04-28 11:16:18,567 | INFO | [START] Обновление таблицы
2026-04-28 11:16:18,567 | INFO | [END] Обновление таблицы | time=0.0006s | ms=0.57 | fps=1751.01
2026-04-28 11:16:18,587 | INFO | [RENDER] time=0.0196s
2026-04-28 11:16:18,587 | INFO | [APP_FPS] fps=3.78 | loop=0.2491s
2026-04-28 11:16:18,587 | INFO | [END] Главный цикл кадра | time=0.2494s | ms=249.39 | fps=4.01
2026-04-28 11:16:18,606 | INFO | [START] Главный цикл кадра
2026-04-28 11:16:18,608 | INFO | [CAPTURE] time=0.0019s
2026-04-28 11:16:18,608 | INFO | [START] YOLO обработка кадра
2026-04-28 11:16:18,608 | INFO | [RESIZE] original=640x480 | scale=1.000 | time=0.0000s
2026-04-28 11:16:18,835 | INFO | [YOLO] time=0.2268s | fps=4.41
2026-04-28 11:16:18,835 | INFO | [FRAME_SUMMARY] frame=15 | detections=0 | active_tracks=0 | time=0.2271s | fps=4.40
2026-04-28 11:16:18,835 | INFO | [END] YOLO обработка кадра | time=0.2273s | ms=227.32 | fps=4.40
2026-04-28 11:16:18,835 | INFO | [START] Обновление таблицы
2026-04-28 11:16:18,836 | INFO | [END] Обновление таблицы | time=0.0006s | ms=0.64 | fps=1561.77
2026-04-28 11:16:18,857 | INFO | [RENDER] time=0.0206s
2026-04-28 11:16:18,857 | INFO | [APP_FPS] fps=3.71 | loop=0.2511s
2026-04-28 11:16:18,857 | INFO | [END] Главный цикл кадра | time=0.2515s | ms=251.51 | fps=3.98
2026-04-28 11:16:18,875 | INFO | [START] Главный цикл кадра
2026-04-28 11:16:18,877 | INFO | [CAPTURE] time=0.0019s
2026-04-28 11:16:18,877 | INFO | [START] YOLO обработка кадра
2026-04-28 11:16:18,877 | INFO | [RESIZE] original=640x480 | scale=1.000 | time=0.0000s
2026-04-28 11:16:19,110 | INFO | [YOLO] time=0.2329s | fps=4.29
2026-04-28 11:16:19,110 | INFO | [FRAME_SUMMARY] frame=16 | detections=0 | active_tracks=0 | time=0.2333s | fps=4.29
2026-04-28 11:16:19,110 | INFO | [END] YOLO обработка кадра | time=0.2336s | ms=233.58 | fps=4.28
2026-04-28 11:16:19,111 | INFO | [START] Обновление таблицы
2026-04-28 11:16:19,111 | INFO | [END] Обновление таблицы | time=0.0006s | ms=0.64 | fps=1551.83
2026-04-28 11:16:19,132 | INFO | [RENDER] time=0.0208s
2026-04-28 11:16:19,132 | INFO | [APP_FPS] fps=3.63 | loop=0.2576s
2026-04-28 11:16:19,133 | INFO | [END] Главный цикл кадра | time=0.2580s | ms=258.00 | fps=3.88
2026-04-28 11:16:19,159 | INFO | [START] Главный цикл кадра
2026-04-28 11:16:19,161 | INFO | [CAPTURE] time=0.0019s
2026-04-28 11:16:19,161 | INFO | [START] YOLO обработка кадра
2026-04-28 11:16:19,161 | INFO | [RESIZE] original=640x480 | scale=1.000 | time=0.0000s
2026-04-28 11:16:19,388 | INFO | [YOLO] time=0.2268s | fps=4.41
2026-04-28 11:16:19,388 | INFO | [FRAME_SUMMARY] frame=17 | detections=0 | active_tracks=0 | time=0.2271s | fps=4.40
2026-04-28 11:16:19,388 | INFO | [END] YOLO обработка кадра | time=0.2274s | ms=227.41 | fps=4.40
2026-04-28 11:16:19,388 | INFO | [START] Обновление таблицы
2026-04-28 11:16:19,389 | INFO | [END] Обновление таблицы | time=0.0007s | ms=0.67 | fps=1502.18
2026-04-28 11:16:19,410 | INFO | [RENDER] time=0.0205s
2026-04-28 11:16:19,410 | INFO | [APP_FPS] fps=3.60 | loop=0.2510s
2026-04-28 11:16:19,410 | INFO | [END] Главный цикл кадра | time=0.2513s | ms=251.33 | fps=3.98
2026-04-28 11:16:19,430 | INFO | [START] Главный цикл кадра
2026-04-28 11:16:19,432 | INFO | [CAPTURE] time=0.0018s
2026-04-28 11:16:19,432 | INFO | [START] YOLO обработка кадра
2026-04-28 11:16:19,432 | INFO | [RESIZE] original=640x480 | scale=1.000 | time=0.0000s
2026-04-28 11:16:19,659 | INFO | [YOLO] time=0.2264s | fps=4.42
2026-04-28 11:16:19,659 | INFO | [FRAME_SUMMARY] frame=18 | detections=0 | active_tracks=0 | time=0.2267s | fps=4.41
2026-04-28 11:16:19,659 | INFO | [END] YOLO обработка кадра | time=0.2270s | ms=226.99 | fps=4.41
2026-04-28 11:16:19,659 | INFO | [START] Обновление таблицы
2026-04-28 11:16:19,660 | INFO | [END] Обновление таблицы | time=0.0006s | ms=0.63 | fps=1598.47
2026-04-28 11:16:19,679 | INFO | [RENDER] time=0.0196s
2026-04-28 11:16:19,680 | INFO | [APP_FPS] fps=3.71 | loop=0.2496s
2026-04-28 11:16:19,680 | INFO | [END] Главный цикл кадра | time=0.2500s | ms=249.98 | fps=4.00
2026-04-28 11:16:19,701 | INFO | [START] Главный цикл кадра
2026-04-28 11:16:19,703 | INFO | [CAPTURE] time=0.0018s
2026-04-28 11:16:19,703 | INFO | [START] YOLO обработка кадра
2026-04-28 11:16:19,703 | INFO | [RESIZE] original=640x480 | scale=1.000 | time=0.0000s
2026-04-28 11:16:19,934 | INFO | [YOLO] time=0.2308s | fps=4.33
2026-04-28 11:16:19,934 | INFO | [FRAME_SUMMARY] frame=19 | detections=0 | active_tracks=0 | time=0.2311s | fps=4.33
2026-04-28 11:16:19,934 | INFO | [END] YOLO обработка кадра | time=0.2314s | ms=231.42 | fps=4.32
2026-04-28 11:16:19,934 | INFO | [START] Обновление таблицы
2026-04-28 11:16:19,935 | INFO | [END] Обновление таблицы | time=0.0006s | ms=0.58 | fps=1737.62
2026-04-28 11:16:19,954 | INFO | [RENDER] time=0.0187s
2026-04-28 11:16:19,954 | INFO | [APP_FPS] fps=3.64 | loop=0.2530s
2026-04-28 11:16:19,954 | INFO | [END] Главный цикл кадра | time=0.2534s | ms=253.44 | fps=3.95
2026-04-28 11:16:19,975 | INFO | [START] Главный цикл кадра
2026-04-28 11:16:19,977 | INFO | [CAPTURE] time=0.0016s
2026-04-28 11:16:19,977 | INFO | [START] YOLO обработка кадра
2026-04-28 11:16:19,977 | INFO | [RESIZE] original=640x480 | scale=1.000 | time=0.0000s
2026-04-28 11:16:20,223 | INFO | [YOLO] time=0.2459s | fps=4.07
2026-04-28 11:16:20,223 | INFO | [FRAME_SUMMARY] frame=20 | detections=0 | active_tracks=0 | time=0.2462s | fps=4.06
2026-04-28 11:16:20,224 | INFO | [END] YOLO обработка кадра | time=0.2465s | ms=246.47 | fps=4.06
2026-04-28 11:16:20,224 | INFO | [START] Обновление таблицы
2026-04-28 11:16:20,224 | INFO | [END] Обновление таблицы | time=0.0006s | ms=0.64 | fps=1563.72
2026-04-28 11:16:20,246 | INFO | [RENDER] time=0.0215s
2026-04-28 11:16:20,246 | INFO | [APP_FPS] fps=3.42 | loop=0.2708s
2026-04-28 11:16:20,246 | INFO | [END] Главный цикл кадра | time=0.2712s | ms=271.18 | fps=3.69
2026-04-28 11:16:20,270 | INFO | [START] Главный цикл кадра
2026-04-28 11:16:20,272 | INFO | [CAPTURE] time=0.0019s
2026-04-28 11:16:20,272 | INFO | [START] YOLO обработка кадра
2026-04-28 11:16:20,272 | INFO | [RESIZE] original=640x480 | scale=1.000 | time=0.0000s
2026-04-28 11:16:20,510 | INFO | [YOLO] time=0.2375s | fps=4.21
2026-04-28 11:16:20,510 | INFO | [FRAME_SUMMARY] frame=21 | detections=0 | active_tracks=0 | time=0.2378s | fps=4.21
2026-04-28 11:16:20,510 | INFO | [END] YOLO обработка кадра | time=0.2380s | ms=237.98 | fps=4.20
2026-04-28 11:16:20,510 | INFO | [START] Обновление таблицы
2026-04-28 11:16:20,511 | INFO | [END] Обновление таблицы | time=0.0008s | ms=0.76 | fps=1315.27
2026-04-28 11:16:20,533 | INFO | [RENDER] time=0.0222s
2026-04-28 11:16:20,534 | INFO | [APP_FPS] fps=3.48 | loop=0.2635s
2026-04-28 11:16:20,534 | INFO | [END] Главный цикл кадра | time=0.2639s | ms=263.93 | fps=3.79
2026-04-28 11:16:20,549 | INFO | [START] Главный цикл кадра
2026-04-28 11:16:20,551 | INFO | [CAPTURE] time=0.0020s
2026-04-28 11:16:20,551 | INFO | [START] YOLO обработка кадра
2026-04-28 11:16:20,551 | INFO | [RESIZE] original=640x480 | scale=1.000 | time=0.0000s
2026-04-28 11:16:20,789 | INFO | [YOLO] time=0.2378s | fps=4.21
2026-04-28 11:16:20,789 | INFO | [FRAME_SUMMARY] frame=22 | detections=0 | active_tracks=0 | time=0.2381s | fps=4.20
2026-04-28 11:16:20,789 | INFO | [END] YOLO обработка кадра | time=0.2383s | ms=238.32 | fps=4.20
2026-04-28 11:16:20,790 | INFO | [START] Обновление таблицы
2026-04-28 11:16:20,790 | INFO | [END] Обновление таблицы | time=0.0006s | ms=0.63 | fps=1587.80
2026-04-28 11:16:20,810 | INFO | [RENDER] time=0.0201s
2026-04-28 11:16:20,811 | INFO | [APP_FPS] fps=3.61 | loop=0.2616s
2026-04-28 11:16:20,811 | INFO | [END] Главный цикл кадра | time=0.2621s | ms=262.06 | fps=3.82
2026-04-28 11:16:20,828 | INFO | [START] Главный цикл кадра
2026-04-28 11:16:20,830 | INFO | [CAPTURE] time=0.0014s
2026-04-28 11:16:20,830 | INFO | [START] YOLO обработка кадра
2026-04-28 11:16:20,830 | INFO | [RESIZE] original=640x480 | scale=1.000 | time=0.0000s
2026-04-28 11:16:21,061 | INFO | [YOLO] time=0.2306s | fps=4.34
2026-04-28 11:16:21,061 | INFO | [FRAME_SUMMARY] frame=23 | detections=0 | active_tracks=0 | time=0.2309s | fps=4.33
2026-04-28 11:16:21,061 | INFO | [END] YOLO обработка кадра | time=0.2311s | ms=231.12 | fps=4.33
2026-04-28 11:16:21,061 | INFO | [START] Обновление таблицы
2026-04-28 11:16:21,062 | INFO | [END] Обновление таблицы | time=0.0006s | ms=0.62 | fps=1616.03
2026-04-28 11:16:21,086 | INFO | [RENDER] time=0.0234s
2026-04-28 11:16:21,086 | INFO | [APP_FPS] fps=3.63 | loop=0.2571s
2026-04-28 11:16:21,086 | INFO | [END] Главный цикл кадра | time=0.2577s | ms=257.69 | fps=3.88
2026-04-28 11:16:21,108 | INFO | [START] Главный цикл кадра
2026-04-28 11:16:21,110 | INFO | [CAPTURE] time=0.0019s
2026-04-28 11:16:21,110 | INFO | [START] YOLO обработка кадра
2026-04-28 11:16:21,110 | INFO | [RESIZE] original=640x480 | scale=1.000 | time=0.0000s
2026-04-28 11:16:21,357 | INFO | [YOLO] time=0.2465s | fps=4.06
2026-04-28 11:16:21,357 | INFO | [FRAME_SUMMARY] frame=24 | detections=0 | active_tracks=0 | time=0.2469s | fps=4.05
2026-04-28 11:16:21,357 | INFO | [END] YOLO обработка кадра | time=0.2471s | ms=247.09 | fps=4.05
2026-04-28 11:16:21,357 | INFO | [START] Обновление таблицы
2026-04-28 11:16:21,358 | INFO | [END] Обновление таблицы | time=0.0006s | ms=0.64 | fps=1564.95
2026-04-28 11:16:21,378 | INFO | [RENDER] time=0.0200s
2026-04-28 11:16:21,378 | INFO | [APP_FPS] fps=3.42 | loop=0.2702s
2026-04-28 11:16:21,379 | INFO | [END] Главный цикл кадра | time=0.2705s | ms=270.50 | fps=3.70
2026-04-28 11:16:21,394 | INFO | [START] Главный цикл кадра
2026-04-28 11:16:21,396 | INFO | [CAPTURE] time=0.0020s
2026-04-28 11:16:21,396 | INFO | [START] YOLO обработка кадра
2026-04-28 11:16:21,397 | INFO | [RESIZE] original=640x480 | scale=1.000 | time=0.0000s
2026-04-28 11:16:21,633 | INFO | [YOLO] time=0.2360s | fps=4.24
2026-04-28 11:16:21,633 | INFO | [FRAME_SUMMARY] frame=25 | detections=0 | active_tracks=0 | time=0.2364s | fps=4.23
2026-04-28 11:16:21,633 | INFO | [END] YOLO обработка кадра | time=0.2366s | ms=236.60 | fps=4.23
2026-04-28 11:16:21,633 | INFO | [START] Обновление таблицы
2026-04-28 11:16:21,634 | INFO | [END] Обновление таблицы | time=0.0006s | ms=0.59 | fps=1700.97
2026-04-28 11:16:21,664 | INFO | [RENDER] time=0.0297s
2026-04-28 11:16:21,664 | INFO | [APP_FPS] fps=3.50 | loop=0.2695s
2026-04-28 11:16:21,664 | INFO | [END] Главный цикл кадра | time=0.2698s | ms=269.81 | fps=3.71
2026-04-28 11:16:21,679 | INFO | [START] Главный цикл кадра
2026-04-28 11:16:21,681 | INFO | [CAPTURE] time=0.0019s
2026-04-28 11:16:21,681 | INFO | [START] YOLO обработка кадра
2026-04-28 11:16:21,682 | INFO | [RESIZE] original=640x480 | scale=1.000 | time=0.0000s
2026-04-28 11:16:21,917 | INFO | [YOLO] time=0.2358s | fps=4.24
2026-04-28 11:16:21,918 | INFO | [FRAME_SUMMARY] frame=26 | detections=0 | active_tracks=0 | time=0.2361s | fps=4.24
2026-04-28 11:16:21,918 | INFO | [END] YOLO обработка кадра | time=0.2363s | ms=236.33 | fps=4.23
2026-04-28 11:16:21,918 | INFO | [START] Обновление таблицы
2026-04-28 11:16:21,919 | INFO | [END] Обновление таблицы | time=0.0007s | ms=0.68 | fps=1461.99
2026-04-28 11:16:21,939 | INFO | [RENDER] time=0.0207s
2026-04-28 11:16:21,940 | INFO | [APP_FPS] fps=3.62 | loop=0.2603s
2026-04-28 11:16:21,940 | INFO | [END] Главный цикл кадра | time=0.2606s | ms=260.61 | fps=3.84
2026-04-28 11:16:21,963 | INFO | [START] Главный цикл кадра
2026-04-28 11:16:21,965 | INFO | [CAPTURE] time=0.0018s
2026-04-28 11:16:21,965 | INFO | [START] YOLO обработка кадра
2026-04-28 11:16:21,966 | INFO | [RESIZE] original=640x480 | scale=1.000 | time=0.0000s
2026-04-28 11:16:22,203 | INFO | [YOLO] time=0.2369s | fps=4.22
2026-04-28 11:16:22,203 | INFO | [FRAME_SUMMARY] frame=27 | detections=0 | active_tracks=0 | time=0.2373s | fps=4.21
2026-04-28 11:16:22,203 | INFO | [END] YOLO обработка кадра | time=0.2375s | ms=237.49 | fps=4.21
2026-04-28 11:16:22,203 | INFO | [START] Обновление таблицы
2026-04-28 11:16:22,204 | INFO | [END] Обновление таблицы | time=0.0006s | ms=0.57 | fps=1767.10
2026-04-28 11:16:22,225 | INFO | [RENDER] time=0.0213s
2026-04-28 11:16:22,225 | INFO | [APP_FPS] fps=3.50 | loop=0.2618s
2026-04-28 11:16:22,225 | INFO | [END] Главный цикл кадра | time=0.2622s | ms=262.19 | fps=3.81
2026-04-28 11:16:22,229 | INFO | Переключение источника: file
2026-04-28 11:16:22,250 | INFO | [START] Главный цикл кадра
2026-04-28 11:16:22,252 | INFO | [CAPTURE] time=0.0019s
2026-04-28 11:16:22,253 | INFO | [START] YOLO обработка кадра
2026-04-28 11:16:22,253 | INFO | [RESIZE] original=640x480 | scale=1.000 | time=0.0000s
2026-04-28 11:16:22,490 | INFO | [YOLO] time=0.2373s | fps=4.21
2026-04-28 11:16:22,490 | INFO | [FRAME_SUMMARY] frame=28 | detections=0 | active_tracks=0 | time=0.2376s | fps=4.21
2026-04-28 11:16:22,490 | INFO | [END] YOLO обработка кадра | time=0.2378s | ms=237.80 | fps=4.21
2026-04-28 11:16:22,490 | INFO | [START] Обновление таблицы
2026-04-28 11:16:22,491 | INFO | [END] Обновление таблицы | time=0.0006s | ms=0.57 | fps=1768.66
2026-04-28 11:16:22,514 | INFO | [RENDER] time=0.0224s
2026-04-28 11:16:22,514 | INFO | [APP_FPS] fps=3.47 | loop=0.2632s
2026-04-28 11:16:22,514 | INFO | [END] Главный цикл кадра | time=0.2636s | ms=263.59 | fps=3.79
2026-04-28 11:16:22,533 | INFO | [START] Главный цикл кадра
2026-04-28 11:16:22,536 | INFO | [CAPTURE] time=0.0019s
2026-04-28 11:16:22,536 | INFO | [START] YOLO обработка кадра
2026-04-28 11:16:22,536 | INFO | [RESIZE] original=640x480 | scale=1.000 | time=0.0000s
2026-04-28 11:16:22,771 | INFO | [YOLO] time=0.2349s | fps=4.26
2026-04-28 11:16:22,771 | INFO | [FRAME_SUMMARY] frame=29 | detections=0 | active_tracks=0 | time=0.2352s | fps=4.25
2026-04-28 11:16:22,771 | INFO | [END] YOLO обработка кадра | time=0.2354s | ms=235.44 | fps=4.25
2026-04-28 11:16:22,771 | INFO | [START] Обновление таблицы
2026-04-28 11:16:22,772 | INFO | [END] Обновление таблицы | time=0.0007s | ms=0.67 | fps=1497.23
2026-04-28 11:16:22,793 | INFO | [RENDER] time=0.0208s
2026-04-28 11:16:22,793 | INFO | [APP_FPS] fps=3.58 | loop=0.2593s
2026-04-28 11:16:22,793 | INFO | [END] Главный цикл кадра | time=0.2597s | ms=259.69 | fps=3.85
2026-04-28 11:16:22,808 | INFO | [START] Главный цикл кадра
2026-04-28 11:16:22,811 | INFO | [CAPTURE] time=0.0022s
2026-04-28 11:16:22,811 | INFO | [START] YOLO обработка кадра
2026-04-28 11:16:22,811 | INFO | [RESIZE] original=640x480 | scale=1.000 | time=0.0000s
2026-04-28 11:16:23,043 | INFO | [YOLO] time=0.2320s | fps=4.31
2026-04-28 11:16:23,043 | INFO | [FRAME_SUMMARY] frame=30 | detections=0 | active_tracks=0 | time=0.2323s | fps=4.30
2026-04-28 11:16:23,043 | INFO | [END] YOLO обработка кадра | time=0.2326s | ms=232.56 | fps=4.30
2026-04-28 11:16:23,043 | INFO | [START] Обновление таблицы
2026-04-28 11:16:23,044 | INFO | [END] Обновление таблицы | time=0.0006s | ms=0.59 | fps=1685.20
2026-04-28 11:16:23,062 | INFO | [RENDER] time=0.0177s
2026-04-28 11:16:23,062 | INFO | [APP_FPS] fps=3.72 | loop=0.2536s
2026-04-28 11:16:23,062 | INFO | [END] Главный цикл кадра | time=0.2540s | ms=253.98 | fps=3.94
2026-04-28 11:16:23,086 | INFO | [START] Главный цикл кадра
2026-04-28 11:16:23,089 | INFO | [CAPTURE] time=0.0021s
2026-04-28 11:16:23,089 | INFO | [START] YOLO обработка кадра
2026-04-28 11:16:23,089 | INFO | [RESIZE] original=640x480 | scale=1.000 | time=0.0000s
2026-04-28 11:16:23,323 | INFO | [YOLO] time=0.2342s | fps=4.27
2026-04-28 11:16:23,323 | INFO | [FRAME_SUMMARY] frame=31 | detections=0 | active_tracks=0 | time=0.2345s | fps=4.26
2026-04-28 11:16:23,323 | INFO | [END] YOLO обработка кадра | time=0.2347s | ms=234.69 | fps=4.26
2026-04-28 11:16:23,324 | INFO | [START] Обновление таблицы
2026-04-28 11:16:23,324 | INFO | [END] Обновление таблицы | time=0.0006s | ms=0.56 | fps=1797.27
2026-04-28 11:16:23,343 | INFO | [RENDER] time=0.0191s
2026-04-28 11:16:23,343 | INFO | [APP_FPS] fps=3.55 | loop=0.2570s
2026-04-28 11:16:23,344 | INFO | [END] Главный цикл кадра | time=0.2575s | ms=257.47 | fps=3.88
2026-04-28 11:16:23,370 | INFO | [START] Главный цикл кадра
2026-04-28 11:16:23,373 | INFO | [CAPTURE] time=0.0021s
2026-04-28 11:16:23,373 | INFO | [START] YOLO обработка кадра
2026-04-28 11:16:23,373 | INFO | [RESIZE] original=640x480 | scale=1.000 | time=0.0000s
2026-04-28 11:16:23,607 | INFO | [YOLO] time=0.2341s | fps=4.27
2026-04-28 11:16:23,607 | INFO | [FRAME_SUMMARY] frame=32 | detections=0 | active_tracks=0 | time=0.2344s | fps=4.27
2026-04-28 11:16:23,607 | INFO | [END] YOLO обработка кадра | time=0.2347s | ms=234.65 | fps=4.26
2026-04-28 11:16:23,608 | INFO | [START] Обновление таблицы
2026-04-28 11:16:23,608 | INFO | [END] Обновление таблицы | time=0.0008s | ms=0.75 | fps=1330.67
2026-04-28 11:16:23,629 | INFO | [RENDER] time=0.0202s
2026-04-28 11:16:23,629 | INFO | [APP_FPS] fps=3.50 | loop=0.2583s
2026-04-28 11:16:23,629 | INFO | [END] Главный цикл кадра | time=0.2589s | ms=258.93 | fps=3.86
2026-04-28 11:16:23,755 | INFO | [START] Главный цикл кадра
2026-04-28 11:16:23,757 | INFO | [CAPTURE] time=0.0017s
2026-04-28 11:16:23,757 | INFO | [START] YOLO обработка кадра
2026-04-28 11:16:23,757 | INFO | [RESIZE] original=640x480 | scale=1.000 | time=0.0000s
2026-04-28 11:16:23,990 | INFO | [YOLO] time=0.2327s | fps=4.30
2026-04-28 11:16:23,990 | INFO | [FRAME_SUMMARY] frame=33 | detections=0 | active_tracks=0 | time=0.2330s | fps=4.29
2026-04-28 11:16:23,990 | INFO | [END] YOLO обработка кадра | time=0.2332s | ms=233.23 | fps=4.29
2026-04-28 11:16:23,990 | INFO | [START] Обновление таблицы
2026-04-28 11:16:23,991 | INFO | [END] Обновление таблицы | time=0.0006s | ms=0.63 | fps=1585.54
2026-04-28 11:16:24,012 | INFO | [RENDER] time=0.0208s
2026-04-28 11:16:24,012 | INFO | [APP_FPS] fps=2.61 | loop=0.2570s
2026-04-28 11:16:24,012 | INFO | [END] Главный цикл кадра | time=0.2573s | ms=257.29 | fps=3.89
2026-04-28 11:16:24,063 | INFO | [START] Главный цикл кадра
2026-04-28 11:16:24,065 | INFO | [CAPTURE] time=0.0017s
2026-04-28 11:16:24,065 | INFO | [START] YOLO обработка кадра
2026-04-28 11:16:24,065 | INFO | [RESIZE] original=640x480 | scale=1.000 | time=0.0000s
2026-04-28 11:16:24,294 | INFO | [YOLO] time=0.2283s | fps=4.38
2026-04-28 11:16:24,294 | INFO | [FRAME_SUMMARY] frame=34 | detections=0 | active_tracks=0 | time=0.2286s | fps=4.37
2026-04-28 11:16:24,294 | INFO | [END] YOLO обработка кадра | time=0.2288s | ms=228.83 | fps=4.37
2026-04-28 11:16:24,294 | INFO | [START] Обновление таблицы
2026-04-28 11:16:24,295 | INFO | [END] Обновление таблицы | time=0.0006s | ms=0.61 | fps=1627.60
2026-04-28 11:16:24,312 | INFO | [RENDER] time=0.0173s
2026-04-28 11:16:24,312 | INFO | [APP_FPS] fps=3.33 | loop=0.2490s
2026-04-28 11:16:24,312 | INFO | [END] Главный цикл кадра | time=0.2494s | ms=249.40 | fps=4.01
2026-04-28 11:16:24,401 | INFO | [START] Главный цикл кадра
2026-04-28 11:16:24,403 | INFO | [CAPTURE] time=0.0014s
2026-04-28 11:16:24,403 | INFO | [START] YOLO обработка кадра
2026-04-28 11:16:24,403 | INFO | [RESIZE] original=640x480 | scale=1.000 | time=0.0000s
2026-04-28 11:16:24,659 | INFO | [YOLO] time=0.2557s | fps=3.91
2026-04-28 11:16:24,659 | INFO | [FRAME_SUMMARY] frame=35 | detections=0 | active_tracks=0 | time=0.2560s | fps=3.91
2026-04-28 11:16:24,659 | INFO | [END] YOLO обработка кадра | time=0.2562s | ms=256.23 | fps=3.90
2026-04-28 11:16:24,659 | INFO | [START] Обновление таблицы
2026-04-28 11:16:24,660 | INFO | [END] Обновление таблицы | time=0.0008s | ms=0.79 | fps=1262.15
2026-04-28 11:16:24,681 | INFO | [RENDER] time=0.0205s
2026-04-28 11:16:24,681 | INFO | [APP_FPS] fps=2.71 | loop=0.2796s
2026-04-28 11:16:24,681 | INFO | [END] Главный цикл кадра | time=0.2799s | ms=279.95 | fps=3.57
2026-04-28 11:16:24,728 | INFO | [START] Главный цикл кадра
2026-04-28 11:16:24,730 | INFO | [CAPTURE] time=0.0015s
2026-04-28 11:16:24,730 | INFO | [START] YOLO обработка кадра
2026-04-28 11:16:24,730 | INFO | [RESIZE] original=640x480 | scale=1.000 | time=0.0000s
2026-04-28 11:16:24,964 | INFO | [YOLO] time=0.2334s | fps=4.28
2026-04-28 11:16:24,964 | INFO | [FRAME_SUMMARY] frame=36 | detections=0 | active_tracks=0 | time=0.2338s | fps=4.28
2026-04-28 11:16:24,964 | INFO | [END] YOLO обработка кадра | time=0.2340s | ms=233.99 | fps=4.27
2026-04-28 11:16:24,964 | INFO | [START] Обновление таблицы
2026-04-28 11:16:24,965 | INFO | [END] Обновление таблицы | time=0.0006s | ms=0.64 | fps=1569.86
2026-04-28 11:16:24,986 | INFO | [RENDER] time=0.0207s
2026-04-28 11:16:24,986 | INFO | [APP_FPS] fps=3.28 | loop=0.2575s
2026-04-28 11:16:24,986 | INFO | [END] Главный цикл кадра | time=0.2579s | ms=257.86 | fps=3.88
2026-04-28 11:16:25,003 | INFO | [START] Главный цикл кадра
2026-04-28 11:16:25,005 | INFO | [CAPTURE] time=0.0013s
2026-04-28 11:16:25,005 | INFO | [START] YOLO обработка кадра
2026-04-28 11:16:25,005 | INFO | [RESIZE] original=640x480 | scale=1.000 | time=0.0000s
2026-04-28 11:16:25,266 | INFO | [YOLO] time=0.2609s | fps=3.83
2026-04-28 11:16:25,266 | INFO | [FRAME_SUMMARY] frame=37 | detections=0 | active_tracks=0 | time=0.2612s | fps=3.83
2026-04-28 11:16:25,267 | INFO | [END] YOLO обработка кадра | time=0.2614s | ms=261.42 | fps=3.83
2026-04-28 11:16:25,267 | INFO | [START] Обновление таблицы
2026-04-28 11:16:25,267 | INFO | [END] Обновление таблицы | time=0.0007s | ms=0.70 | fps=1426.53
2026-04-28 11:16:25,289 | INFO | [RENDER] time=0.0217s
2026-04-28 11:16:25,289 | INFO | [APP_FPS] fps=3.30 | loop=0.2858s
2026-04-28 11:16:25,290 | INFO | [END] Главный цикл кадра | time=0.2862s | ms=286.16 | fps=3.49
2026-04-28 11:16:25,307 | INFO | [START] Главный цикл кадра
2026-04-28 11:16:25,309 | INFO | [CAPTURE] time=0.0015s
2026-04-28 11:16:25,309 | INFO | [START] YOLO обработка кадра
2026-04-28 11:16:25,309 | INFO | [RESIZE] original=640x480 | scale=1.000 | time=0.0000s
2026-04-28 11:16:25,543 | INFO | [YOLO] time=0.2342s | fps=4.27
2026-04-28 11:16:25,543 | INFO | [FRAME_SUMMARY] frame=38 | detections=0 | active_tracks=0 | time=0.2345s | fps=4.26
2026-04-28 11:16:25,544 | INFO | [END] YOLO обработка кадра | time=0.2347s | ms=234.73 | fps=4.26
2026-04-28 11:16:25,544 | INFO | [START] Обновление таблицы
2026-04-28 11:16:25,544 | INFO | [END] Обновление таблицы | time=0.0007s | ms=0.69 | fps=1446.13
2026-04-28 11:16:25,566 | INFO | [RENDER] time=0.0214s
2026-04-28 11:16:25,566 | INFO | [APP_FPS] fps=3.61 | loop=0.2590s
2026-04-28 11:16:25,566 | INFO | [END] Главный цикл кадра | time=0.2593s | ms=259.34 | fps=3.86
2026-04-28 11:16:25,584 | INFO | [START] Главный цикл кадра
2026-04-28 11:16:25,586 | INFO | [CAPTURE] time=0.0016s
2026-04-28 11:16:25,586 | INFO | [START] YOLO обработка кадра
2026-04-28 11:16:25,586 | INFO | [RESIZE] original=640x480 | scale=1.000 | time=0.0000s
2026-04-28 11:16:25,821 | INFO | [YOLO] time=0.2352s | fps=4.25
2026-04-28 11:16:25,822 | INFO | [FRAME_SUMMARY] frame=39 | detections=0 | active_tracks=0 | time=0.2355s | fps=4.25
2026-04-28 11:16:25,822 | INFO | [END] YOLO обработка кадра | time=0.2358s | ms=235.76 | fps=4.24
2026-04-28 11:16:25,822 | INFO | [START] Обновление таблицы
2026-04-28 11:16:25,823 | INFO | [END] Обновление таблицы | time=0.0007s | ms=0.68 | fps=1473.41
2026-04-28 11:16:25,843 | INFO | [RENDER] time=0.0201s
2026-04-28 11:16:25,843 | INFO | [APP_FPS] fps=3.61 | loop=0.2588s
2026-04-28 11:16:25,843 | INFO | [END] Главный цикл кадра | time=0.2592s | ms=259.18 | fps=3.86
2026-04-28 11:16:25,864 | INFO | [START] Главный цикл кадра
2026-04-28 11:16:25,866 | INFO | [CAPTURE] time=0.0017s
2026-04-28 11:16:25,866 | INFO | [START] YOLO обработка кадра
2026-04-28 11:16:25,866 | INFO | [RESIZE] original=640x480 | scale=1.000 | time=0.0000s
2026-04-28 11:16:26,096 | INFO | [YOLO] time=0.2296s | fps=4.36
2026-04-28 11:16:26,096 | INFO | [FRAME_SUMMARY] frame=40 | detections=0 | active_tracks=0 | time=0.2299s | fps=4.35
2026-04-28 11:16:26,096 | INFO | [END] YOLO обработка кадра | time=0.2301s | ms=230.14 | fps=4.35
2026-04-28 11:16:26,096 | INFO | [START] Обновление таблицы
2026-04-28 11:16:26,097 | INFO | [END] Обновление таблицы | time=0.0006s | ms=0.64 | fps=1573.81
2026-04-28 11:16:26,117 | INFO | [RENDER] time=0.0201s
2026-04-28 11:16:26,117 | INFO | [APP_FPS] fps=3.65 | loop=0.2532s
2026-04-28 11:16:26,117 | INFO | [END] Главный цикл кадра | time=0.2536s | ms=253.62 | fps=3.94
2026-04-28 11:16:26,140 | INFO | [START] Главный цикл кадра
2026-04-28 11:16:26,142 | INFO | [CAPTURE] time=0.0018s
2026-04-28 11:16:26,142 | INFO | [START] YOLO обработка кадра
2026-04-28 11:16:26,142 | INFO | [RESIZE] original=640x480 | scale=1.000 | time=0.0000s
2026-04-28 11:16:26,367 | INFO | [YOLO] time=0.2248s | fps=4.45
2026-04-28 11:16:26,367 | INFO | [FRAME_SUMMARY] frame=41 | detections=0 | active_tracks=0 | time=0.2251s | fps=4.44
2026-04-28 11:16:26,367 | INFO | [END] YOLO обработка кадра | time=0.2254s | ms=225.37 | fps=4.44
2026-04-28 11:16:26,367 | INFO | [START] Обновление таблицы
2026-04-28 11:16:26,368 | INFO | [END] Обновление таблицы | time=0.0007s | ms=0.68 | fps=1479.95
2026-04-28 11:16:26,389 | INFO | [RENDER] time=0.0212s
2026-04-28 11:16:26,390 | INFO | [APP_FPS] fps=3.67 | loop=0.2496s
2026-04-28 11:16:26,390 | INFO | [END] Главный цикл кадра | time=0.2500s | ms=250.01 | fps=4.00
2026-04-28 11:16:26,406 | INFO | [START] Главный цикл кадра
2026-04-28 11:16:26,408 | INFO | [CAPTURE] time=0.0014s
2026-04-28 11:16:26,408 | INFO | [START] YOLO обработка кадра
2026-04-28 11:16:26,408 | INFO | [RESIZE] original=640x480 | scale=1.000 | time=0.0000s
2026-04-28 11:16:26,655 | INFO | [YOLO] time=0.2468s | fps=4.05
2026-04-28 11:16:26,655 | INFO | [FRAME_SUMMARY] frame=42 | detections=0 | active_tracks=0 | time=0.2471s | fps=4.05
2026-04-28 11:16:26,655 | INFO | [END] YOLO обработка кадра | time=0.2473s | ms=247.35 | fps=4.04
2026-04-28 11:16:26,656 | INFO | [START] Обновление таблицы
2026-04-28 11:16:26,656 | INFO | [END] Обновление таблицы | time=0.0007s | ms=0.68 | fps=1460.28
2026-04-28 11:16:26,677 | INFO | [RENDER] time=0.0202s
2026-04-28 11:16:26,677 | INFO | [APP_FPS] fps=3.48 | loop=0.2703s
2026-04-28 11:16:26,677 | INFO | [END] Главный цикл кадра | time=0.2707s | ms=270.71 | fps=3.69
2026-04-28 11:16:26,948 | INFO | Выбран видеофайл: C:/Users/AERO4/Downloads/Stack/cam0.mp4
2026-04-28 11:16:26,948 | INFO | [START] Открытие видеофайла
2026-04-28 11:16:27,359 | INFO | FPS видео: 29.97002997002997
2026-04-28 11:16:27,359 | INFO | [END] Открытие видеофайла | time=0.4110s | ms=411.02 | fps=2.43
2026-04-28 11:16:27,360 | INFO | [START] Главный цикл кадра
2026-04-28 11:16:27,395 | INFO | [CAPTURE] time=0.0353s
2026-04-28 11:16:27,395 | INFO | [START] YOLO обработка кадра
2026-04-28 11:16:27,398 | INFO | [RESIZE] original=1920x1080 | scale=0.333 | time=0.0027s
2026-04-28 11:16:27,597 | INFO | [YOLO] time=0.1993s | fps=5.02
2026-04-28 11:16:27,598 | INFO | [FRAME_SUMMARY] frame=1 | detections=0 | active_tracks=0 | time=0.2023s | fps=4.94
2026-04-28 11:16:27,598 | INFO | [END] YOLO обработка кадра | time=0.2025s | ms=202.48 | fps=4.94
2026-04-28 11:16:27,598 | INFO | [START] Обновление таблицы
2026-04-28 11:16:27,598 | INFO | [END] Обновление таблицы | time=0.0006s | ms=0.57 | fps=1755.62
2026-04-28 11:16:27,630 | INFO | [RENDER] time=0.0314s
2026-04-28 11:16:27,630 | INFO | [APP_FPS] fps=1.05 | loop=0.2703s
2026-04-28 11:16:27,631 | INFO | [END] Главный цикл кадра | time=0.2717s | ms=271.67 | fps=3.68
2026-04-28 11:16:27,645 | INFO | [START] Главный цикл кадра
2026-04-28 11:16:27,651 | INFO | [CAPTURE] time=0.0056s
2026-04-28 11:16:27,651 | INFO | [START] YOLO обработка кадра
2026-04-28 11:16:27,656 | INFO | [RESIZE] original=1920x1080 | scale=0.333 | time=0.0043s
2026-04-28 11:16:27,843 | INFO | [YOLO] time=0.1868s | fps=5.35
2026-04-28 11:16:27,863 | INFO | [DRAW_TEXT] text='ID:1 Квадракоптер (528,304)' | time=0.0178s | ms=17.78
2026-04-28 11:16:27,864 | INFO | [TRACK_DRAW] tracks=0 | time=0.0000s
2026-04-28 11:16:27,865 | INFO | [FRAME_SUMMARY] frame=2 | detections=1 | active_tracks=1 | time=0.2130s | fps=4.69
2026-04-28 11:16:27,865 | INFO | [END] YOLO обработка кадра | time=0.2133s | ms=213.26 | fps=4.69
2026-04-28 11:16:27,865 | INFO | [START] Обновление таблицы
2026-04-28 11:16:28,027 | INFO | [TABLE_UPDATE] time=0.1612s
2026-04-28 11:16:28,028 | INFO | [END] Обновление таблицы | time=0.1624s | ms=162.37 | fps=6.16
2026-04-28 11:16:28,055 | INFO | [RENDER] time=0.0273s
2026-04-28 11:16:28,055 | INFO | [APP_FPS] fps=2.35 | loop=0.4099s
2026-04-28 11:16:28,056 | INFO | [END] Главный цикл кадра | time=0.4110s | ms=411.00 | fps=2.43
2026-04-28 11:16:28,074 | INFO | [START] Главный цикл кадра
2026-04-28 11:16:28,079 | INFO | [CAPTURE] time=0.0044s
2026-04-28 11:16:28,079 | INFO | [START] YOLO обработка кадра
2026-04-28 11:16:28,082 | INFO | [RESIZE] original=1920x1080 | scale=0.333 | time=0.0028s
2026-04-28 11:16:28,258 | INFO | [YOLO] time=0.1757s | fps=5.69
2026-04-28 11:16:28,271 | INFO | [DRAW_TEXT] text='ID:1 Самолёт (527,306)' | time=0.0129s | ms=12.87
2026-04-28 11:16:28,273 | INFO | [TRACK_DRAW] tracks=1 | time=0.0006s
2026-04-28 11:16:28,273 | INFO | [FRAME_SUMMARY] frame=3 | detections=1 | active_tracks=1 | time=0.1936s | fps=5.17
2026-04-28 11:16:28,273 | INFO | [END] YOLO обработка кадра | time=0.1938s | ms=193.83 | fps=5.16
2026-04-28 11:16:28,273 | INFO | [START] Обновление таблицы
2026-04-28 11:16:28,428 | INFO | [TABLE_UPDATE] time=0.1541s
2026-04-28 11:16:28,428 | INFO | [END] Обновление таблицы | time=0.1549s | ms=154.87 | fps=6.46
2026-04-28 11:16:28,460 | INFO | [RENDER] time=0.0316s
2026-04-28 11:16:28,460 | INFO | [APP_FPS] fps=2.47 | loop=0.3858s
2026-04-28 11:16:28,461 | INFO | [END] Главный цикл кадра | time=0.3869s | ms=386.92 | fps=2.58
2026-04-28 11:16:28,475 | INFO | [START] Главный цикл кадра
2026-04-28 11:16:28,480 | INFO | [CAPTURE] time=0.0049s
2026-04-28 11:16:28,481 | INFO | [START] YOLO обработка кадра
2026-04-28 11:16:28,484 | INFO | [RESIZE] original=1920x1080 | scale=0.333 | time=0.0032s
2026-04-28 11:16:28,655 | INFO | [YOLO] time=0.1714s | fps=5.84
2026-04-28 11:16:28,667 | INFO | [DRAW_TEXT] text='ID:1 Самолёт (527,307)' | time=0.0110s | ms=10.99
2026-04-28 11:16:28,668 | INFO | [TRACK_DRAW] tracks=1 | time=0.0001s
2026-04-28 11:16:28,668 | INFO | [FRAME_SUMMARY] frame=4 | detections=1 | active_tracks=1 | time=0.1871s | fps=5.34
2026-04-28 11:16:28,668 | INFO | [END] YOLO обработка кадра | time=0.1875s | ms=187.46 | fps=5.33
2026-04-28 11:16:28,669 | INFO | [START] Обновление таблицы
2026-04-28 11:16:28,827 | INFO | [TABLE_UPDATE] time=0.1579s
2026-04-28 11:16:28,827 | INFO | [END] Обновление таблицы | time=0.1587s | ms=158.69 | fps=6.30
2026-04-28 11:16:28,859 | INFO | [RENDER] time=0.0312s
2026-04-28 11:16:28,859 | INFO | [APP_FPS] fps=2.51 | loop=0.3834s
2026-04-28 11:16:28,860 | INFO | [END] Главный цикл кадра | time=0.3845s | ms=384.50 | fps=2.60
2026-04-28 11:16:28,888 | INFO | [START] Главный цикл кадра
2026-04-28 11:16:28,893 | INFO | [CAPTURE] time=0.0040s
2026-04-28 11:16:28,893 | INFO | [START] YOLO обработка кадра
2026-04-28 11:16:28,896 | INFO | [RESIZE] original=1920x1080 | scale=0.333 | time=0.0027s
2026-04-28 11:16:29,066 | INFO | [YOLO] time=0.1703s | fps=5.87
2026-04-28 11:16:29,079 | INFO | [DRAW_TEXT] text='ID:1 Квадракоптер (528,307)' | time=0.0125s | ms=12.50
2026-04-28 11:16:29,080 | INFO | [TRACK_DRAW] tracks=1 | time=0.0001s
2026-04-28 11:16:29,080 | INFO | [FRAME_SUMMARY] frame=5 | detections=1 | active_tracks=1 | time=0.1870s | fps=5.35
2026-04-28 11:16:29,080 | INFO | [END] YOLO обработка кадра | time=0.1872s | ms=187.19 | fps=5.34
2026-04-28 11:16:29,081 | INFO | [START] Обновление таблицы
2026-04-28 11:16:29,236 | INFO | [TABLE_UPDATE] time=0.1553s
2026-04-28 11:16:29,237 | INFO | [END] Обновление таблицы | time=0.1560s | ms=155.99 | fps=6.41
2026-04-28 11:16:29,268 | INFO | [RENDER] time=0.0314s
2026-04-28 11:16:29,268 | INFO | [APP_FPS] fps=2.44 | loop=0.3797s
2026-04-28 11:16:29,269 | INFO | [END] Главный цикл кадра | time=0.3808s | ms=380.80 | fps=2.63
2026-04-28 11:16:29,284 | INFO | [START] Главный цикл кадра
2026-04-28 11:16:29,289 | INFO | [CAPTURE] time=0.0045s
2026-04-28 11:16:29,289 | INFO | [START] YOLO обработка кадра
2026-04-28 11:16:29,292 | INFO | [RESIZE] original=1920x1080 | scale=0.333 | time=0.0030s
2026-04-28 11:16:29,464 | INFO | [YOLO] time=0.1725s | fps=5.80
2026-04-28 11:16:29,478 | INFO | [DRAW_TEXT] text='ID:1 Квадракоптер (526,307)' | time=0.0130s | ms=12.99
2026-04-28 11:16:29,479 | INFO | [TRACK_DRAW] tracks=1 | time=0.0001s
2026-04-28 11:16:29,479 | INFO | [FRAME_SUMMARY] frame=6 | detections=1 | active_tracks=1 | time=0.1901s | fps=5.26
2026-04-28 11:16:29,479 | INFO | [END] YOLO обработка кадра | time=0.1903s | ms=190.26 | fps=5.26
2026-04-28 11:16:29,480 | INFO | [START] Обновление таблицы
2026-04-28 11:16:29,637 | INFO | [TABLE_UPDATE] time=0.1571s
2026-04-28 11:16:29,638 | INFO | [END] Обновление таблицы | time=0.1580s | ms=157.97 | fps=6.33
2026-04-28 11:16:29,668 | INFO | [RENDER] time=0.0304s
2026-04-28 11:16:29,668 | INFO | [APP_FPS] fps=2.50 | loop=0.3842s
2026-04-28 11:16:29,669 | INFO | [END] Главный цикл кадра | time=0.3853s | ms=385.33 | fps=2.60
2026-04-28 11:16:29,685 | INFO | [START] Главный цикл кадра
2026-04-28 11:16:29,690 | INFO | [CAPTURE] time=0.0046s
2026-04-28 11:16:29,690 | INFO | [START] YOLO обработка кадра
2026-04-28 11:16:29,693 | INFO | [RESIZE] original=1920x1080 | scale=0.333 | time=0.0032s
2026-04-28 11:16:29,867 | INFO | [YOLO] time=0.1738s | fps=5.75
2026-04-28 11:16:29,882 | INFO | [DRAW_TEXT] text='ID:1 Квадракоптер (525,309)' | time=0.0138s | ms=13.79
2026-04-28 11:16:29,882 | INFO | [TRACK_DRAW] tracks=1 | time=0.0001s
2026-04-28 11:16:29,883 | INFO | [FRAME_SUMMARY] frame=7 | detections=1 | active_tracks=1 | time=0.1923s | fps=5.20
2026-04-28 11:16:29,883 | INFO | [END] YOLO обработка кадра | time=0.1927s | ms=192.69 | fps=5.19
2026-04-28 11:16:29,884 | INFO | [START] Обновление таблицы
2026-04-28 11:16:30,041 | INFO | [TABLE_UPDATE] time=0.1572s
2026-04-28 11:16:30,041 | INFO | [END] Обновление таблицы | time=0.1579s | ms=157.92 | fps=6.33
2026-04-28 11:16:30,075 | INFO | [RENDER] time=0.0333s
2026-04-28 11:16:30,075 | INFO | [APP_FPS] fps=2.46 | loop=0.3898s
2026-04-28 11:16:30,076 | INFO | [END] Главный цикл кадра | time=0.3909s | ms=390.87 | fps=2.56
2026-04-28 11:16:30,095 | INFO | [START] Главный цикл кадра
2026-04-28 11:16:30,099 | INFO | [CAPTURE] time=0.0041s
2026-04-28 11:16:30,099 | INFO | [START] YOLO обработка кадра
2026-04-28 11:16:30,102 | INFO | [RESIZE] original=1920x1080 | scale=0.333 | time=0.0027s
2026-04-28 11:16:30,294 | INFO | [YOLO] time=0.1923s | fps=5.20
2026-04-28 11:16:30,308 | INFO | [DRAW_TEXT] text='ID:1 Самолёт (525,310)' | time=0.0133s | ms=13.33
2026-04-28 11:16:30,309 | INFO | [TRACK_DRAW] tracks=1 | time=0.0001s
2026-04-28 11:16:30,309 | INFO | [FRAME_SUMMARY] frame=8 | detections=1 | active_tracks=1 | time=0.2098s | fps=4.77
2026-04-28 11:16:30,309 | INFO | [END] YOLO обработка кадра | time=0.2101s | ms=210.09 | fps=4.76
2026-04-28 11:16:30,310 | INFO | [START] Обновление таблицы
2026-04-28 11:16:30,467 | INFO | [TABLE_UPDATE] time=0.1571s
2026-04-28 11:16:30,468 | INFO | [END] Обновление таблицы | time=0.1579s | ms=157.86 | fps=6.33
2026-04-28 11:16:30,501 | INFO | [RENDER] time=0.0327s
2026-04-28 11:16:30,501 | INFO | [APP_FPS] fps=2.35 | loop=0.4059s
2026-04-28 11:16:30,502 | INFO | [END] Главный цикл кадра | time=0.4072s | ms=407.18 | fps=2.46
2026-04-28 11:16:30,517 | INFO | [START] Главный цикл кадра
2026-04-28 11:16:30,521 | INFO | [CAPTURE] time=0.0041s
2026-04-28 11:16:30,521 | INFO | [START] YOLO обработка кадра
2026-04-28 11:16:30,524 | INFO | [RESIZE] original=1920x1080 | scale=0.333 | time=0.0031s
2026-04-28 11:16:30,711 | INFO | [YOLO] time=0.1865s | fps=5.36
2026-04-28 11:16:30,723 | INFO | [DRAW_TEXT] text='ID:1 Самолёт (524,311)' | time=0.0117s | ms=11.66
2026-04-28 11:16:30,724 | INFO | [TRACK_DRAW] tracks=1 | time=0.0001s
2026-04-28 11:16:30,724 | INFO | [FRAME_SUMMARY] frame=9 | detections=1 | active_tracks=1 | time=0.2029s | fps=4.93
2026-04-28 11:16:30,724 | INFO | [END] YOLO обработка кадра | time=0.2031s | ms=203.13 | fps=4.92
2026-04-28 11:16:30,725 | INFO | [START] Обновление таблицы
2026-04-28 11:16:30,823 | INFO | [TABLE_UPDATE] time=0.0983s
